2022-01-16 02:24:56,402:INFO:Initializing load_model()
2022-01-16 02:24:56,403:INFO:load_model(model_name=model, platform=None, authentication=None, verbose=True)
2022-01-16 02:25:45,265:INFO:Initializing load_model()
2022-01-16 02:25:45,266:INFO:load_model(model_name=model, platform=None, authentication=None, verbose=True)
2022-01-16 02:26:02,514:INFO:Initializing load_model()
2022-01-16 02:26:02,516:INFO:load_model(model_name=model, platform=None, authentication=None, verbose=True)
2022-01-16 02:26:04,067:INFO:Initializing load_model()
2022-01-16 02:26:04,068:INFO:load_model(model_name=model, platform=None, authentication=None, verbose=True)
2022-01-16 02:26:11,072:INFO:Initializing load_model()
2022-01-16 02:26:11,073:INFO:load_model(model_name=model, platform=None, authentication=None, verbose=True)
2022-01-16 02:26:15,230:INFO:Initializing load_model()
2022-01-16 02:26:15,231:INFO:load_model(model_name=model, platform=None, authentication=None, verbose=True)
2022-01-16 02:26:15,362:INFO:Initializing predict_model()
2022-01-16 02:26:15,364:INFO:predict_model(estimator=Pipeline(steps=[('dtypes',
                 DataTypes_Auto_infer(ml_usecase='classification',
                                      numerical_features=['yearsAtCompany'],
                                      target='turnover')),
                ('imputer',
                 Simple_Imputer(categorical_strategy='not_available',
                                fill_value_categorical=None,
                                fill_value_numerical=None,
                                numeric_strategy='mean',
                                target_variable=None)),
                ('new_levels1',
                 New_Catagorical_Levels_in_TestData(rep...
                ('rem_outliers', 'passthrough'), ('cluster_all', 'passthrough'),
                ('dummy', Dummify(target='turnover')),
                ('fix_perfect', Remove_100(target='turnover')),
                ('clean_names', Clean_Colum_Names()),
                ('feature_select', 'passthrough'), ('fix_multi', 'passthrough'),
                ('dfs', 'passthrough'), ('pca', 'passthrough'),
                ['trained_model',
                 GradientBoostingClassifier(random_state=4596)]]), probability_threshold=None, encoded_labels=False, drift_report=False, raw_score=False, round=4, verbose=True, ml_usecase=MLUsecase.CLASSIFICATION, display=None)
2022-01-16 02:26:15,367:INFO:Checking exceptions
2022-01-16 02:26:15,368:INFO:Preloading libraries
2022-01-16 02:26:49,602:INFO:Initializing load_model()
2022-01-16 02:26:49,603:INFO:load_model(model_name=model, platform=None, authentication=None, verbose=True)
2022-01-16 02:26:53,244:INFO:Initializing load_model()
2022-01-16 02:26:53,245:INFO:load_model(model_name=model, platform=None, authentication=None, verbose=True)
2022-01-16 02:26:56,573:INFO:Initializing load_model()
2022-01-16 02:26:56,574:INFO:load_model(model_name=model, platform=None, authentication=None, verbose=True)
2022-01-16 02:27:00,181:INFO:Initializing load_model()
2022-01-16 02:27:00,183:INFO:load_model(model_name=model, platform=None, authentication=None, verbose=True)
2022-01-16 02:27:01,675:INFO:Initializing load_model()
2022-01-16 02:27:01,677:INFO:load_model(model_name=model, platform=None, authentication=None, verbose=True)
2022-01-16 02:27:01,780:INFO:Initializing predict_model()
2022-01-16 02:27:01,782:INFO:predict_model(estimator=Pipeline(steps=[('dtypes',
                 DataTypes_Auto_infer(ml_usecase='classification',
                                      numerical_features=['yearsAtCompany'],
                                      target='turnover')),
                ('imputer',
                 Simple_Imputer(categorical_strategy='not_available',
                                fill_value_categorical=None,
                                fill_value_numerical=None,
                                numeric_strategy='mean',
                                target_variable=None)),
                ('new_levels1',
                 New_Catagorical_Levels_in_TestData(rep...
                ('rem_outliers', 'passthrough'), ('cluster_all', 'passthrough'),
                ('dummy', Dummify(target='turnover')),
                ('fix_perfect', Remove_100(target='turnover')),
                ('clean_names', Clean_Colum_Names()),
                ('feature_select', 'passthrough'), ('fix_multi', 'passthrough'),
                ('dfs', 'passthrough'), ('pca', 'passthrough'),
                ['trained_model',
                 GradientBoostingClassifier(random_state=4596)]]), probability_threshold=None, encoded_labels=False, drift_report=False, raw_score=False, round=4, verbose=True, ml_usecase=MLUsecase.CLASSIFICATION, display=None)
2022-01-16 02:27:01,784:INFO:Checking exceptions
2022-01-16 02:27:01,786:INFO:Preloading libraries
